[2018-09-14 00:00:03,245] TRACE [Controller id=0] Checking need to trigger auto leader balancing (kafka.controller.KafkaController)
[2018-09-14 00:00:03,248] DEBUG [Controller id=0] Preferred replicas by broker Map() (kafka.controller.KafkaController)
[2018-09-14 00:05:03,250] TRACE [Controller id=0] Checking need to trigger auto leader balancing (kafka.controller.KafkaController)
[2018-09-14 00:05:03,250] DEBUG [Controller id=0] Preferred replicas by broker Map() (kafka.controller.KafkaController)
[2018-09-14 00:10:03,251] TRACE [Controller id=0] Checking need to trigger auto leader balancing (kafka.controller.KafkaController)
[2018-09-14 00:10:03,251] DEBUG [Controller id=0] Preferred replicas by broker Map() (kafka.controller.KafkaController)
[2018-09-14 00:13:49,575] INFO [Controller id=0] Shutting down broker 0 (kafka.controller.KafkaController)
[2018-09-14 00:13:49,576] DEBUG [Controller id=0] All shutting down brokers: 0 (kafka.controller.KafkaController)
[2018-09-14 00:13:49,576] DEBUG [Controller id=0] Live brokers:  (kafka.controller.KafkaController)
[2018-09-14 00:13:49,580] TRACE [Controller id=0] All leaders =  (kafka.controller.KafkaController)
[2018-09-14 00:13:50,285] INFO [ControllerEventThread controllerId=0] Shutting down (kafka.controller.ControllerEventManager$ControllerEventThread)
[2018-09-14 00:13:50,285] INFO [ControllerEventThread controllerId=0] Stopped (kafka.controller.ControllerEventManager$ControllerEventThread)
[2018-09-14 00:13:50,285] INFO [ControllerEventThread controllerId=0] Shutdown completed (kafka.controller.ControllerEventManager$ControllerEventThread)
[2018-09-14 00:13:50,286] DEBUG [Controller id=0] Resigning (kafka.controller.KafkaController)
[2018-09-14 00:13:50,287] DEBUG [Controller id=0] Unregister BrokerModifications handler for Set(0) (kafka.controller.KafkaController)
[2018-09-14 00:13:50,288] INFO [PartitionStateMachine controllerId=0] Stopped partition state machine (kafka.controller.PartitionStateMachine)
[2018-09-14 00:13:50,289] INFO [ReplicaStateMachine controllerId=0] Stopped replica state machine (kafka.controller.ReplicaStateMachine)
[2018-09-14 00:13:50,289] INFO [RequestSendThread controllerId=0] Shutting down (kafka.controller.RequestSendThread)
[2018-09-14 00:13:50,289] INFO [RequestSendThread controllerId=0] Shutdown completed (kafka.controller.RequestSendThread)
[2018-09-14 00:13:50,289] INFO [RequestSendThread controllerId=0] Stopped (kafka.controller.RequestSendThread)
[2018-09-14 00:13:50,291] INFO [Controller id=0] Resigned (kafka.controller.KafkaController)
